[2025-12-28T11:00:06.237+0000] {taskinstance.py:1956} INFO - Dependencies all met for dep_context=non-requeueable deps ti=<TaskInstance: telecom_churn_pipeline.load_to_telecom scheduled__2025-12-28T10:00:00+00:00 [queued]>
[2025-12-28T11:00:06.241+0000] {taskinstance.py:1956} INFO - Dependencies all met for dep_context=requeueable deps ti=<TaskInstance: telecom_churn_pipeline.load_to_telecom scheduled__2025-12-28T10:00:00+00:00 [queued]>
[2025-12-28T11:00:06.242+0000] {taskinstance.py:2170} INFO - Starting attempt 1 of 2
[2025-12-28T11:00:06.251+0000] {taskinstance.py:2191} INFO - Executing <Task(PythonOperator): load_to_telecom> on 2025-12-28 10:00:00+00:00
[2025-12-28T11:00:06.255+0000] {standard_task_runner.py:60} INFO - Started process 188 to run task
[2025-12-28T11:00:06.257+0000] {standard_task_runner.py:87} INFO - Running: ['***', 'tasks', 'run', 'telecom_churn_pipeline', 'load_to_telecom', 'scheduled__2025-12-28T10:00:00+00:00', '--job-id', '60', '--raw', '--subdir', 'DAGS_FOLDER/telecom_churn_pipeline.py', '--cfg-path', '/tmp/tmpsbd_px5o']
[2025-12-28T11:00:06.258+0000] {standard_task_runner.py:88} INFO - Job 60: Subtask load_to_telecom
[2025-12-28T11:00:06.292+0000] {task_command.py:423} INFO - Running <TaskInstance: telecom_churn_pipeline.load_to_telecom scheduled__2025-12-28T10:00:00+00:00 [running]> on host 8ba4aecbd959
[2025-12-28T11:00:06.348+0000] {taskinstance.py:2480} INFO - Exporting env vars: AIRFLOW_CTX_DAG_OWNER='telecom-team' AIRFLOW_CTX_DAG_ID='telecom_churn_pipeline' AIRFLOW_CTX_TASK_ID='load_to_telecom' AIRFLOW_CTX_EXECUTION_DATE='2025-12-28T10:00:00+00:00' AIRFLOW_CTX_TRY_NUMBER='1' AIRFLOW_CTX_DAG_RUN_ID='scheduled__2025-12-28T10:00:00+00:00'
[2025-12-28T11:00:06.349+0000] {logging_mixin.py:188} INFO - Loading transformed data to telecom database...
[2025-12-28T11:00:06.384+0000] {logging_mixin.py:188} INFO - Loading 4000 rows to telecom database...
[2025-12-28T11:00:06.385+0000] {logging_mixin.py:188} INFO - Columns: ['Age', 'Gender', 'Tenure', 'MonthlyCharges', 'ContractType', 'InternetService', 'TotalCharges', 'TechSupport', 'Churn', 'customer_id_hash', 'transformed_at', 'transformation_version']
[2025-12-28T11:00:06.817+0000] {logging_mixin.py:188} INFO - Cleaned up temp file: /tmp/transformed_data.parquet
[2025-12-28T11:00:06.817+0000] {logging_mixin.py:188} INFO - Successfully loaded 4000 rows to customer_churn
[2025-12-28T11:00:06.818+0000] {python.py:201} INFO - Done. Returned value was: {'status': 'success', 'rows_loaded': 4000, 'table': 'customer_churn', 'database': 'telecom'}
[2025-12-28T11:00:06.835+0000] {taskinstance.py:1138} INFO - Marking task as SUCCESS. dag_id=telecom_churn_pipeline, task_id=load_to_telecom, execution_date=20251228T100000, start_date=20251228T110006, end_date=20251228T110006
[2025-12-28T11:00:06.885+0000] {local_task_job_runner.py:234} INFO - Task exited with return code 0
[2025-12-28T11:00:06.898+0000] {taskinstance.py:3280} INFO - 0 downstream tasks scheduled from follow-on schedule check
[2025-12-28T11:06:30.259+0000] {taskinstance.py:1956} INFO - Dependencies all met for dep_context=non-requeueable deps ti=<TaskInstance: telecom_churn_pipeline.load_to_telecom scheduled__2025-12-28T10:00:00+00:00 [queued]>
[2025-12-28T11:06:30.263+0000] {taskinstance.py:1956} INFO - Dependencies all met for dep_context=requeueable deps ti=<TaskInstance: telecom_churn_pipeline.load_to_telecom scheduled__2025-12-28T10:00:00+00:00 [queued]>
[2025-12-28T11:06:30.263+0000] {taskinstance.py:2170} INFO - Starting attempt 1 of 2
[2025-12-28T11:06:30.273+0000] {taskinstance.py:2191} INFO - Executing <Task(PythonOperator): load_to_telecom> on 2025-12-28 10:00:00+00:00
[2025-12-28T11:06:30.276+0000] {standard_task_runner.py:60} INFO - Started process 334 to run task
[2025-12-28T11:06:30.278+0000] {standard_task_runner.py:87} INFO - Running: ['***', 'tasks', 'run', 'telecom_churn_pipeline', 'load_to_telecom', 'scheduled__2025-12-28T10:00:00+00:00', '--job-id', '70', '--raw', '--subdir', 'DAGS_FOLDER/telecom_churn_pipeline.py', '--cfg-path', '/tmp/tmp9cent3y6']
[2025-12-28T11:06:30.280+0000] {standard_task_runner.py:88} INFO - Job 70: Subtask load_to_telecom
[2025-12-28T11:06:30.313+0000] {task_command.py:423} INFO - Running <TaskInstance: telecom_churn_pipeline.load_to_telecom scheduled__2025-12-28T10:00:00+00:00 [running]> on host 8ba4aecbd959
[2025-12-28T11:06:30.361+0000] {taskinstance.py:2480} INFO - Exporting env vars: AIRFLOW_CTX_DAG_OWNER='telecom-team' AIRFLOW_CTX_DAG_ID='telecom_churn_pipeline' AIRFLOW_CTX_TASK_ID='load_to_telecom' AIRFLOW_CTX_EXECUTION_DATE='2025-12-28T10:00:00+00:00' AIRFLOW_CTX_TRY_NUMBER='1' AIRFLOW_CTX_DAG_RUN_ID='scheduled__2025-12-28T10:00:00+00:00'
[2025-12-28T11:06:30.362+0000] {logging_mixin.py:188} INFO - Loading transformed data to telecom database...
[2025-12-28T11:06:30.393+0000] {logging_mixin.py:188} INFO - Loading 1000 rows to telecom database...
[2025-12-28T11:06:30.393+0000] {logging_mixin.py:188} INFO - Columns: ['Age', 'Gender', 'Tenure', 'MonthlyCharges', 'ContractType', 'InternetService', 'TotalCharges', 'TechSupport', 'Churn', 'customer_id_hash', 'transformed_at', 'transformation_version']
[2025-12-28T11:06:30.583+0000] {logging_mixin.py:188} INFO - Cleaned up temp file: /tmp/transformed_data.parquet
[2025-12-28T11:06:30.584+0000] {logging_mixin.py:188} INFO - Successfully loaded 1000 rows to customer_churn
[2025-12-28T11:06:30.584+0000] {python.py:201} INFO - Done. Returned value was: {'status': 'success', 'rows_loaded': 1000, 'table': 'customer_churn', 'database': 'telecom'}
[2025-12-28T11:06:30.602+0000] {taskinstance.py:1138} INFO - Marking task as SUCCESS. dag_id=telecom_churn_pipeline, task_id=load_to_telecom, execution_date=20251228T100000, start_date=20251228T110630, end_date=20251228T110630
[2025-12-28T11:06:30.654+0000] {local_task_job_runner.py:234} INFO - Task exited with return code 0
[2025-12-28T11:06:30.677+0000] {taskinstance.py:3280} INFO - 0 downstream tasks scheduled from follow-on schedule check
