[2025-12-28T11:00:05.150+0000] {taskinstance.py:1956} INFO - Dependencies all met for dep_context=non-requeueable deps ti=<TaskInstance: telecom_churn_pipeline.transform_data scheduled__2025-12-28T10:00:00+00:00 [queued]>
[2025-12-28T11:00:05.155+0000] {taskinstance.py:1956} INFO - Dependencies all met for dep_context=requeueable deps ti=<TaskInstance: telecom_churn_pipeline.transform_data scheduled__2025-12-28T10:00:00+00:00 [queued]>
[2025-12-28T11:00:05.155+0000] {taskinstance.py:2170} INFO - Starting attempt 1 of 2
[2025-12-28T11:00:05.167+0000] {taskinstance.py:2191} INFO - Executing <Task(PythonOperator): transform_data> on 2025-12-28 10:00:00+00:00
[2025-12-28T11:00:05.170+0000] {standard_task_runner.py:60} INFO - Started process 183 to run task
[2025-12-28T11:00:05.172+0000] {standard_task_runner.py:87} INFO - Running: ['***', 'tasks', 'run', 'telecom_churn_pipeline', 'transform_data', 'scheduled__2025-12-28T10:00:00+00:00', '--job-id', '59', '--raw', '--subdir', 'DAGS_FOLDER/telecom_churn_pipeline.py', '--cfg-path', '/tmp/tmp8ocbl7nc']
[2025-12-28T11:00:05.175+0000] {standard_task_runner.py:88} INFO - Job 59: Subtask transform_data
[2025-12-28T11:00:05.214+0000] {task_command.py:423} INFO - Running <TaskInstance: telecom_churn_pipeline.transform_data scheduled__2025-12-28T10:00:00+00:00 [running]> on host 8ba4aecbd959
[2025-12-28T11:00:05.276+0000] {taskinstance.py:2480} INFO - Exporting env vars: AIRFLOW_CTX_DAG_OWNER='telecom-team' AIRFLOW_CTX_DAG_ID='telecom_churn_pipeline' AIRFLOW_CTX_TASK_ID='transform_data' AIRFLOW_CTX_EXECUTION_DATE='2025-12-28T10:00:00+00:00' AIRFLOW_CTX_TRY_NUMBER='1' AIRFLOW_CTX_DAG_RUN_ID='scheduled__2025-12-28T10:00:00+00:00'
[2025-12-28T11:00:05.277+0000] {logging_mixin.py:188} INFO - Starting data transformation...
[2025-12-28T11:00:05.302+0000] {logging_mixin.py:188} INFO - Read 4000 rows from staging table
[2025-12-28T11:00:05.303+0000] {logging_mixin.py:188} INFO - Columns: ['CustomerID', 'Age', 'Gender', 'Tenure', 'MonthlyCharges', 'ContractType', 'InternetService', 'TotalCharges', 'TechSupport', 'Churn', 'source_file', 'loaded_at']
[2025-12-28T11:00:05.303+0000] {logging_mixin.py:188} INFO - 
--- Handling Missing Values ---
[2025-12-28T11:00:05.305+0000] {logging_mixin.py:188} INFO - Missing values before:
InternetService    1188
dtype: int64
[2025-12-28T11:00:05.307+0000] {logging_mixin.py:188} INFO - Filling 1188 missing values in 'InternetService' with 'Unknown'
[2025-12-28T11:00:05.313+0000] {logging_mixin.py:188} INFO - Missing values after: 0
[2025-12-28T11:00:05.313+0000] {logging_mixin.py:188} INFO - 
--- Anonymizing PII ---
[2025-12-28T11:00:05.314+0000] {logging_mixin.py:188} INFO - Anonymizing CustomerID for 4000 records...
[2025-12-28T11:00:05.317+0000] {logging_mixin.py:188} INFO - Sample anonymization: [(1, '6b86b273ff34fce1'), (2, 'd4735e3a265e16ee'), (3, '4e07408562bedb8b')]
[2025-12-28T11:00:05.319+0000] {logging_mixin.py:188} INFO - Removed original CustomerID column (PII)
[2025-12-28T11:00:05.320+0000] {logging_mixin.py:188} INFO - 
Transformation complete. Final columns: ['Age', 'Gender', 'Tenure', 'MonthlyCharges', 'ContractType', 'InternetService', 'TotalCharges', 'TechSupport', 'Churn', 'customer_id_hash', 'transformed_at', 'transformation_version']
[2025-12-28T11:00:05.320+0000] {logging_mixin.py:188} INFO - Total rows transformed: 4000
[2025-12-28T11:00:05.391+0000] {python.py:201} INFO - Done. Returned value was: {'status': 'success', 'rows_transformed': 4000, 'columns': ['Age', 'Gender', 'Tenure', 'MonthlyCharges', 'ContractType', 'InternetService', 'TotalCharges', 'TechSupport', 'Churn', 'customer_id_hash', 'transformed_at', 'transformation_version']}
[2025-12-28T11:00:05.409+0000] {taskinstance.py:1138} INFO - Marking task as SUCCESS. dag_id=telecom_churn_pipeline, task_id=transform_data, execution_date=20251228T100000, start_date=20251228T110005, end_date=20251228T110005
[2025-12-28T11:00:05.426+0000] {local_task_job_runner.py:234} INFO - Task exited with return code 0
[2025-12-28T11:00:05.442+0000] {taskinstance.py:3280} INFO - 1 downstream tasks scheduled from follow-on schedule check
[2025-12-28T11:06:29.161+0000] {taskinstance.py:1956} INFO - Dependencies all met for dep_context=non-requeueable deps ti=<TaskInstance: telecom_churn_pipeline.transform_data scheduled__2025-12-28T10:00:00+00:00 [queued]>
[2025-12-28T11:06:29.165+0000] {taskinstance.py:1956} INFO - Dependencies all met for dep_context=requeueable deps ti=<TaskInstance: telecom_churn_pipeline.transform_data scheduled__2025-12-28T10:00:00+00:00 [queued]>
[2025-12-28T11:06:29.165+0000] {taskinstance.py:2170} INFO - Starting attempt 1 of 2
[2025-12-28T11:06:29.175+0000] {taskinstance.py:2191} INFO - Executing <Task(PythonOperator): transform_data> on 2025-12-28 10:00:00+00:00
[2025-12-28T11:06:29.178+0000] {standard_task_runner.py:60} INFO - Started process 331 to run task
[2025-12-28T11:06:29.180+0000] {standard_task_runner.py:87} INFO - Running: ['***', 'tasks', 'run', 'telecom_churn_pipeline', 'transform_data', 'scheduled__2025-12-28T10:00:00+00:00', '--job-id', '69', '--raw', '--subdir', 'DAGS_FOLDER/telecom_churn_pipeline.py', '--cfg-path', '/tmp/tmp5ea_f1y_']
[2025-12-28T11:06:29.181+0000] {standard_task_runner.py:88} INFO - Job 69: Subtask transform_data
[2025-12-28T11:06:29.220+0000] {task_command.py:423} INFO - Running <TaskInstance: telecom_churn_pipeline.transform_data scheduled__2025-12-28T10:00:00+00:00 [running]> on host 8ba4aecbd959
[2025-12-28T11:06:29.275+0000] {taskinstance.py:2480} INFO - Exporting env vars: AIRFLOW_CTX_DAG_OWNER='telecom-team' AIRFLOW_CTX_DAG_ID='telecom_churn_pipeline' AIRFLOW_CTX_TASK_ID='transform_data' AIRFLOW_CTX_EXECUTION_DATE='2025-12-28T10:00:00+00:00' AIRFLOW_CTX_TRY_NUMBER='1' AIRFLOW_CTX_DAG_RUN_ID='scheduled__2025-12-28T10:00:00+00:00'
[2025-12-28T11:06:29.276+0000] {logging_mixin.py:188} INFO - Starting data transformation...
[2025-12-28T11:06:29.290+0000] {logging_mixin.py:188} INFO - Read 1000 rows from staging table
[2025-12-28T11:06:29.292+0000] {logging_mixin.py:188} INFO - Columns: ['CustomerID', 'Age', 'Gender', 'Tenure', 'MonthlyCharges', 'ContractType', 'InternetService', 'TotalCharges', 'TechSupport', 'Churn', 'source_file', 'loaded_at']
[2025-12-28T11:06:29.292+0000] {logging_mixin.py:188} INFO - 
--- Handling Missing Values ---
[2025-12-28T11:06:29.294+0000] {logging_mixin.py:188} INFO - Missing values before:
InternetService    297
dtype: int64
[2025-12-28T11:06:29.295+0000] {logging_mixin.py:188} INFO - Filling 297 missing values in 'InternetService' with 'Unknown'
[2025-12-28T11:06:29.299+0000] {logging_mixin.py:188} INFO - Missing values after: 0
[2025-12-28T11:06:29.299+0000] {logging_mixin.py:188} INFO - 
--- Anonymizing PII ---
[2025-12-28T11:06:29.299+0000] {logging_mixin.py:188} INFO - Anonymizing CustomerID for 1000 records...
[2025-12-28T11:06:29.300+0000] {logging_mixin.py:188} INFO - Sample anonymization: [(1, '6b86b273ff34fce1'), (2, 'd4735e3a265e16ee'), (3, '4e07408562bedb8b')]
[2025-12-28T11:06:29.301+0000] {logging_mixin.py:188} INFO - Removed original CustomerID column (PII)
[2025-12-28T11:06:29.302+0000] {logging_mixin.py:188} INFO - 
Transformation complete. Final columns: ['Age', 'Gender', 'Tenure', 'MonthlyCharges', 'ContractType', 'InternetService', 'TotalCharges', 'TechSupport', 'Churn', 'customer_id_hash', 'transformed_at', 'transformation_version']
[2025-12-28T11:06:29.302+0000] {logging_mixin.py:188} INFO - Total rows transformed: 1000
[2025-12-28T11:06:29.348+0000] {python.py:201} INFO - Done. Returned value was: {'status': 'success', 'rows_transformed': 1000, 'columns': ['Age', 'Gender', 'Tenure', 'MonthlyCharges', 'ContractType', 'InternetService', 'TotalCharges', 'TechSupport', 'Churn', 'customer_id_hash', 'transformed_at', 'transformation_version']}
[2025-12-28T11:06:29.366+0000] {taskinstance.py:1138} INFO - Marking task as SUCCESS. dag_id=telecom_churn_pipeline, task_id=transform_data, execution_date=20251228T100000, start_date=20251228T110629, end_date=20251228T110629
[2025-12-28T11:06:29.394+0000] {local_task_job_runner.py:234} INFO - Task exited with return code 0
[2025-12-28T11:06:29.410+0000] {taskinstance.py:3280} INFO - 1 downstream tasks scheduled from follow-on schedule check
