[2025-12-28T11:00:01.837+0000] {taskinstance.py:1956} INFO - Dependencies all met for dep_context=non-requeueable deps ti=<TaskInstance: telecom_churn_pipeline.check_for_files scheduled__2025-12-28T10:00:00+00:00 [queued]>
[2025-12-28T11:00:01.841+0000] {taskinstance.py:1956} INFO - Dependencies all met for dep_context=requeueable deps ti=<TaskInstance: telecom_churn_pipeline.check_for_files scheduled__2025-12-28T10:00:00+00:00 [queued]>
[2025-12-28T11:00:01.842+0000] {taskinstance.py:2170} INFO - Starting attempt 1 of 2
[2025-12-28T11:00:01.852+0000] {taskinstance.py:2191} INFO - Executing <Task(PythonOperator): check_for_files> on 2025-12-28 10:00:00+00:00
[2025-12-28T11:00:01.855+0000] {standard_task_runner.py:60} INFO - Started process 168 to run task
[2025-12-28T11:00:01.857+0000] {standard_task_runner.py:87} INFO - Running: ['***', 'tasks', 'run', 'telecom_churn_pipeline', 'check_for_files', 'scheduled__2025-12-28T10:00:00+00:00', '--job-id', '56', '--raw', '--subdir', 'DAGS_FOLDER/telecom_churn_pipeline.py', '--cfg-path', '/tmp/tmp3zh04vtv']
[2025-12-28T11:00:01.858+0000] {standard_task_runner.py:88} INFO - Job 56: Subtask check_for_files
[2025-12-28T11:00:01.887+0000] {task_command.py:423} INFO - Running <TaskInstance: telecom_churn_pipeline.check_for_files scheduled__2025-12-28T10:00:00+00:00 [running]> on host 8ba4aecbd959
[2025-12-28T11:00:01.943+0000] {taskinstance.py:2480} INFO - Exporting env vars: AIRFLOW_CTX_DAG_OWNER='telecom-team' AIRFLOW_CTX_DAG_ID='telecom_churn_pipeline' AIRFLOW_CTX_TASK_ID='check_for_files' AIRFLOW_CTX_EXECUTION_DATE='2025-12-28T10:00:00+00:00' AIRFLOW_CTX_TRY_NUMBER='1' AIRFLOW_CTX_DAG_RUN_ID='scheduled__2025-12-28T10:00:00+00:00'
[2025-12-28T11:00:01.945+0000] {logging_mixin.py:188} INFO - Found 1 CSV file(s) to process: ['/opt/***/data/raw/customer_churn_data.csv']
[2025-12-28T11:00:01.959+0000] {python.py:201} INFO - Done. Returned value was: ['/opt/***/data/raw/customer_churn_data.csv']
[2025-12-28T11:00:01.973+0000] {taskinstance.py:1138} INFO - Marking task as SUCCESS. dag_id=telecom_churn_pipeline, task_id=check_for_files, execution_date=20251228T100000, start_date=20251228T110001, end_date=20251228T110001
[2025-12-28T11:00:01.990+0000] {local_task_job_runner.py:234} INFO - Task exited with return code 0
[2025-12-28T11:00:02.006+0000] {taskinstance.py:3280} INFO - 1 downstream tasks scheduled from follow-on schedule check
[2025-12-28T11:06:26.006+0000] {taskinstance.py:1956} INFO - Dependencies all met for dep_context=non-requeueable deps ti=<TaskInstance: telecom_churn_pipeline.check_for_files scheduled__2025-12-28T10:00:00+00:00 [queued]>
[2025-12-28T11:06:26.011+0000] {taskinstance.py:1956} INFO - Dependencies all met for dep_context=requeueable deps ti=<TaskInstance: telecom_churn_pipeline.check_for_files scheduled__2025-12-28T10:00:00+00:00 [queued]>
[2025-12-28T11:06:26.011+0000] {taskinstance.py:2170} INFO - Starting attempt 1 of 2
[2025-12-28T11:06:26.021+0000] {taskinstance.py:2191} INFO - Executing <Task(PythonOperator): check_for_files> on 2025-12-28 10:00:00+00:00
[2025-12-28T11:06:26.025+0000] {standard_task_runner.py:60} INFO - Started process 322 to run task
[2025-12-28T11:06:26.028+0000] {standard_task_runner.py:87} INFO - Running: ['***', 'tasks', 'run', 'telecom_churn_pipeline', 'check_for_files', 'scheduled__2025-12-28T10:00:00+00:00', '--job-id', '66', '--raw', '--subdir', 'DAGS_FOLDER/telecom_churn_pipeline.py', '--cfg-path', '/tmp/tmp_hu6fbn2']
[2025-12-28T11:06:26.030+0000] {standard_task_runner.py:88} INFO - Job 66: Subtask check_for_files
[2025-12-28T11:06:26.072+0000] {task_command.py:423} INFO - Running <TaskInstance: telecom_churn_pipeline.check_for_files scheduled__2025-12-28T10:00:00+00:00 [running]> on host 8ba4aecbd959
[2025-12-28T11:06:26.124+0000] {taskinstance.py:2480} INFO - Exporting env vars: AIRFLOW_CTX_DAG_OWNER='telecom-team' AIRFLOW_CTX_DAG_ID='telecom_churn_pipeline' AIRFLOW_CTX_TASK_ID='check_for_files' AIRFLOW_CTX_EXECUTION_DATE='2025-12-28T10:00:00+00:00' AIRFLOW_CTX_TRY_NUMBER='1' AIRFLOW_CTX_DAG_RUN_ID='scheduled__2025-12-28T10:00:00+00:00'
[2025-12-28T11:06:26.127+0000] {logging_mixin.py:188} INFO - Found 1 CSV file(s) to process: ['/opt/***/data/raw/customer_churn_data.csv']
[2025-12-28T11:06:26.139+0000] {python.py:201} INFO - Done. Returned value was: ['/opt/***/data/raw/customer_churn_data.csv']
[2025-12-28T11:06:26.156+0000] {taskinstance.py:1138} INFO - Marking task as SUCCESS. dag_id=telecom_churn_pipeline, task_id=check_for_files, execution_date=20251228T100000, start_date=20251228T110626, end_date=20251228T110626
[2025-12-28T11:06:26.201+0000] {local_task_job_runner.py:234} INFO - Task exited with return code 0
[2025-12-28T11:06:26.219+0000] {taskinstance.py:3280} INFO - 1 downstream tasks scheduled from follow-on schedule check
