[2025-12-28T10:46:40.443+0000] {taskinstance.py:1956} INFO - Dependencies all met for dep_context=non-requeueable deps ti=<TaskInstance: telecom_churn_pipeline.transform_data manual__2025-12-28T10:46:35.437200+00:00 [queued]>
[2025-12-28T10:46:40.448+0000] {taskinstance.py:1956} INFO - Dependencies all met for dep_context=requeueable deps ti=<TaskInstance: telecom_churn_pipeline.transform_data manual__2025-12-28T10:46:35.437200+00:00 [queued]>
[2025-12-28T10:46:40.448+0000] {taskinstance.py:2170} INFO - Starting attempt 1 of 2
[2025-12-28T10:46:40.460+0000] {taskinstance.py:2191} INFO - Executing <Task(PythonOperator): transform_data> on 2025-12-28 10:46:35.437200+00:00
[2025-12-28T10:46:40.464+0000] {standard_task_runner.py:60} INFO - Started process 174 to run task
[2025-12-28T10:46:40.468+0000] {standard_task_runner.py:87} INFO - Running: ['***', 'tasks', 'run', 'telecom_churn_pipeline', 'transform_data', 'manual__2025-12-28T10:46:35.437200+00:00', '--job-id', '48', '--raw', '--subdir', 'DAGS_FOLDER/telecom_churn_pipeline.py', '--cfg-path', '/tmp/tmpu8t_fidp']
[2025-12-28T10:46:40.470+0000] {standard_task_runner.py:88} INFO - Job 48: Subtask transform_data
[2025-12-28T10:46:40.508+0000] {task_command.py:423} INFO - Running <TaskInstance: telecom_churn_pipeline.transform_data manual__2025-12-28T10:46:35.437200+00:00 [running]> on host 5b19e416ec1e
[2025-12-28T10:46:40.568+0000] {taskinstance.py:2480} INFO - Exporting env vars: AIRFLOW_CTX_DAG_OWNER='telecom-team' AIRFLOW_CTX_DAG_ID='telecom_churn_pipeline' AIRFLOW_CTX_TASK_ID='transform_data' AIRFLOW_CTX_EXECUTION_DATE='2025-12-28T10:46:35.437200+00:00' AIRFLOW_CTX_TRY_NUMBER='1' AIRFLOW_CTX_DAG_RUN_ID='manual__2025-12-28T10:46:35.437200+00:00'
[2025-12-28T10:46:40.569+0000] {logging_mixin.py:188} INFO - Starting data transformation...
[2025-12-28T10:46:40.591+0000] {logging_mixin.py:188} INFO - Read 3000 rows from staging table
[2025-12-28T10:46:40.592+0000] {logging_mixin.py:188} INFO - Columns: ['CustomerID', 'Age', 'Gender', 'Tenure', 'MonthlyCharges', 'ContractType', 'InternetService', 'TotalCharges', 'TechSupport', 'Churn', 'source_file', 'loaded_at']
[2025-12-28T10:46:40.592+0000] {logging_mixin.py:188} INFO - 
--- Handling Missing Values ---
[2025-12-28T10:46:40.594+0000] {logging_mixin.py:188} INFO - Missing values before:
InternetService    891
dtype: int64
[2025-12-28T10:46:40.596+0000] {logging_mixin.py:188} INFO - Filling 891 missing values in 'InternetService' with 'Unknown'
[2025-12-28T10:46:40.602+0000] {logging_mixin.py:188} INFO - Missing values after: 0
[2025-12-28T10:46:40.602+0000] {logging_mixin.py:188} INFO - 
--- Anonymizing PII ---
[2025-12-28T10:46:40.602+0000] {logging_mixin.py:188} INFO - Anonymizing CustomerID for 3000 records...
[2025-12-28T10:46:40.605+0000] {logging_mixin.py:188} INFO - Sample anonymization: [(1, '6b86b273ff34fce1'), (2, 'd4735e3a265e16ee'), (3, '4e07408562bedb8b')]
[2025-12-28T10:46:40.606+0000] {logging_mixin.py:188} INFO - Removed original CustomerID column (PII)
[2025-12-28T10:46:40.607+0000] {logging_mixin.py:188} INFO - 
Transformation complete. Final columns: ['Age', 'Gender', 'Tenure', 'MonthlyCharges', 'ContractType', 'InternetService', 'TotalCharges', 'TechSupport', 'Churn', 'customer_id_hash', 'transformed_at', 'transformation_version']
[2025-12-28T10:46:40.607+0000] {logging_mixin.py:188} INFO - Total rows transformed: 3000
[2025-12-28T10:46:40.676+0000] {python.py:201} INFO - Done. Returned value was: {'status': 'success', 'rows_transformed': 3000, 'columns': ['Age', 'Gender', 'Tenure', 'MonthlyCharges', 'ContractType', 'InternetService', 'TotalCharges', 'TechSupport', 'Churn', 'customer_id_hash', 'transformed_at', 'transformation_version']}
[2025-12-28T10:46:40.694+0000] {taskinstance.py:1138} INFO - Marking task as SUCCESS. dag_id=telecom_churn_pipeline, task_id=transform_data, execution_date=20251228T104635, start_date=20251228T104640, end_date=20251228T104640
[2025-12-28T10:46:40.721+0000] {local_task_job_runner.py:234} INFO - Task exited with return code 0
[2025-12-28T10:46:40.736+0000] {taskinstance.py:3280} INFO - 1 downstream tasks scheduled from follow-on schedule check
