[2025-12-28T11:00:04.031+0000] {taskinstance.py:1956} INFO - Dependencies all met for dep_context=non-requeueable deps ti=<TaskInstance: telecom_churn_pipeline.move_files_to_processed scheduled__2025-12-28T10:00:00+00:00 [queued]>
[2025-12-28T11:00:04.035+0000] {taskinstance.py:1956} INFO - Dependencies all met for dep_context=requeueable deps ti=<TaskInstance: telecom_churn_pipeline.move_files_to_processed scheduled__2025-12-28T10:00:00+00:00 [queued]>
[2025-12-28T11:00:04.035+0000] {taskinstance.py:2170} INFO - Starting attempt 1 of 2
[2025-12-28T11:00:04.045+0000] {taskinstance.py:2191} INFO - Executing <Task(PythonOperator): move_files_to_processed> on 2025-12-28 10:00:00+00:00
[2025-12-28T11:00:04.048+0000] {standard_task_runner.py:60} INFO - Started process 180 to run task
[2025-12-28T11:00:04.050+0000] {standard_task_runner.py:87} INFO - Running: ['***', 'tasks', 'run', 'telecom_churn_pipeline', 'move_files_to_processed', 'scheduled__2025-12-28T10:00:00+00:00', '--job-id', '58', '--raw', '--subdir', 'DAGS_FOLDER/telecom_churn_pipeline.py', '--cfg-path', '/tmp/tmpp_55j4sr']
[2025-12-28T11:00:04.051+0000] {standard_task_runner.py:88} INFO - Job 58: Subtask move_files_to_processed
[2025-12-28T11:00:04.082+0000] {task_command.py:423} INFO - Running <TaskInstance: telecom_churn_pipeline.move_files_to_processed scheduled__2025-12-28T10:00:00+00:00 [running]> on host 8ba4aecbd959
[2025-12-28T11:00:04.133+0000] {taskinstance.py:2480} INFO - Exporting env vars: AIRFLOW_CTX_DAG_OWNER='telecom-team' AIRFLOW_CTX_DAG_ID='telecom_churn_pipeline' AIRFLOW_CTX_TASK_ID='move_files_to_processed' AIRFLOW_CTX_EXECUTION_DATE='2025-12-28T10:00:00+00:00' AIRFLOW_CTX_TRY_NUMBER='1' AIRFLOW_CTX_DAG_RUN_ID='scheduled__2025-12-28T10:00:00+00:00'
[2025-12-28T11:00:04.141+0000] {logging_mixin.py:188} INFO - Moving /opt/***/data/raw/customer_churn_data.csv -> /opt/***/data/processed/customer_churn_data_20251228_110004.csv
[2025-12-28T11:00:04.142+0000] {logging_mixin.py:188} INFO - Successfully moved: customer_churn_data.csv -> customer_churn_data_20251228_110004.csv
[2025-12-28T11:00:04.142+0000] {logging_mixin.py:188} INFO - Move complete: {'status': 'success', 'files_moved': 1, 'destination': '/opt/***/data/processed'}
[2025-12-28T11:00:04.142+0000] {python.py:201} INFO - Done. Returned value was: {'status': 'success', 'files_moved': 1, 'destination': '/opt/***/data/processed'}
[2025-12-28T11:00:04.159+0000] {taskinstance.py:1138} INFO - Marking task as SUCCESS. dag_id=telecom_churn_pipeline, task_id=move_files_to_processed, execution_date=20251228T100000, start_date=20251228T110004, end_date=20251228T110004
[2025-12-28T11:00:04.182+0000] {local_task_job_runner.py:234} INFO - Task exited with return code 0
[2025-12-28T11:00:04.196+0000] {taskinstance.py:3280} INFO - 1 downstream tasks scheduled from follow-on schedule check
[2025-12-28T11:06:28.059+0000] {taskinstance.py:1956} INFO - Dependencies all met for dep_context=non-requeueable deps ti=<TaskInstance: telecom_churn_pipeline.move_files_to_processed scheduled__2025-12-28T10:00:00+00:00 [queued]>
[2025-12-28T11:06:28.063+0000] {taskinstance.py:1956} INFO - Dependencies all met for dep_context=requeueable deps ti=<TaskInstance: telecom_churn_pipeline.move_files_to_processed scheduled__2025-12-28T10:00:00+00:00 [queued]>
[2025-12-28T11:06:28.063+0000] {taskinstance.py:2170} INFO - Starting attempt 1 of 2
[2025-12-28T11:06:28.075+0000] {taskinstance.py:2191} INFO - Executing <Task(PythonOperator): move_files_to_processed> on 2025-12-28 10:00:00+00:00
[2025-12-28T11:06:28.079+0000] {standard_task_runner.py:60} INFO - Started process 328 to run task
[2025-12-28T11:06:28.081+0000] {standard_task_runner.py:87} INFO - Running: ['***', 'tasks', 'run', 'telecom_churn_pipeline', 'move_files_to_processed', 'scheduled__2025-12-28T10:00:00+00:00', '--job-id', '68', '--raw', '--subdir', 'DAGS_FOLDER/telecom_churn_pipeline.py', '--cfg-path', '/tmp/tmpsyqrxinx']
[2025-12-28T11:06:28.083+0000] {standard_task_runner.py:88} INFO - Job 68: Subtask move_files_to_processed
[2025-12-28T11:06:28.117+0000] {task_command.py:423} INFO - Running <TaskInstance: telecom_churn_pipeline.move_files_to_processed scheduled__2025-12-28T10:00:00+00:00 [running]> on host 8ba4aecbd959
[2025-12-28T11:06:28.166+0000] {taskinstance.py:2480} INFO - Exporting env vars: AIRFLOW_CTX_DAG_OWNER='telecom-team' AIRFLOW_CTX_DAG_ID='telecom_churn_pipeline' AIRFLOW_CTX_TASK_ID='move_files_to_processed' AIRFLOW_CTX_EXECUTION_DATE='2025-12-28T10:00:00+00:00' AIRFLOW_CTX_TRY_NUMBER='1' AIRFLOW_CTX_DAG_RUN_ID='scheduled__2025-12-28T10:00:00+00:00'
[2025-12-28T11:06:28.175+0000] {logging_mixin.py:188} INFO - Moving /opt/***/data/raw/customer_churn_data.csv -> /opt/***/data/processed/customer_churn_data_20251228_110628.csv
[2025-12-28T11:06:28.176+0000] {logging_mixin.py:188} INFO - Successfully moved: customer_churn_data.csv -> customer_churn_data_20251228_110628.csv
[2025-12-28T11:06:28.176+0000] {logging_mixin.py:188} INFO - Move complete: {'status': 'success', 'files_moved': 1, 'destination': '/opt/***/data/processed'}
[2025-12-28T11:06:28.176+0000] {python.py:201} INFO - Done. Returned value was: {'status': 'success', 'files_moved': 1, 'destination': '/opt/***/data/processed'}
[2025-12-28T11:06:28.194+0000] {taskinstance.py:1138} INFO - Marking task as SUCCESS. dag_id=telecom_churn_pipeline, task_id=move_files_to_processed, execution_date=20251228T100000, start_date=20251228T110628, end_date=20251228T110628
[2025-12-28T11:06:28.214+0000] {local_task_job_runner.py:234} INFO - Task exited with return code 0
[2025-12-28T11:06:28.229+0000] {taskinstance.py:3280} INFO - 1 downstream tasks scheduled from follow-on schedule check
