[2025-12-28T11:00:02.915+0000] {taskinstance.py:1956} INFO - Dependencies all met for dep_context=non-requeueable deps ti=<TaskInstance: telecom_churn_pipeline.load_csv_to_staging scheduled__2025-12-28T10:00:00+00:00 [queued]>
[2025-12-28T11:00:02.918+0000] {taskinstance.py:1956} INFO - Dependencies all met for dep_context=requeueable deps ti=<TaskInstance: telecom_churn_pipeline.load_csv_to_staging scheduled__2025-12-28T10:00:00+00:00 [queued]>
[2025-12-28T11:00:02.919+0000] {taskinstance.py:2170} INFO - Starting attempt 1 of 2
[2025-12-28T11:00:02.930+0000] {taskinstance.py:2191} INFO - Executing <Task(PythonOperator): load_csv_to_staging> on 2025-12-28 10:00:00+00:00
[2025-12-28T11:00:02.933+0000] {standard_task_runner.py:60} INFO - Started process 177 to run task
[2025-12-28T11:00:02.936+0000] {standard_task_runner.py:87} INFO - Running: ['***', 'tasks', 'run', 'telecom_churn_pipeline', 'load_csv_to_staging', 'scheduled__2025-12-28T10:00:00+00:00', '--job-id', '57', '--raw', '--subdir', 'DAGS_FOLDER/telecom_churn_pipeline.py', '--cfg-path', '/tmp/tmp3yjlos85']
[2025-12-28T11:00:02.937+0000] {standard_task_runner.py:88} INFO - Job 57: Subtask load_csv_to_staging
[2025-12-28T11:00:02.968+0000] {task_command.py:423} INFO - Running <TaskInstance: telecom_churn_pipeline.load_csv_to_staging scheduled__2025-12-28T10:00:00+00:00 [running]> on host 8ba4aecbd959
[2025-12-28T11:00:03.018+0000] {taskinstance.py:2480} INFO - Exporting env vars: AIRFLOW_CTX_DAG_OWNER='telecom-team' AIRFLOW_CTX_DAG_ID='telecom_churn_pipeline' AIRFLOW_CTX_TASK_ID='load_csv_to_staging' AIRFLOW_CTX_EXECUTION_DATE='2025-12-28T10:00:00+00:00' AIRFLOW_CTX_TRY_NUMBER='1' AIRFLOW_CTX_DAG_RUN_ID='scheduled__2025-12-28T10:00:00+00:00'
[2025-12-28T11:00:03.026+0000] {logging_mixin.py:188} INFO - Processing file: customer_churn_data.csv
[2025-12-28T11:00:03.034+0000] {logging_mixin.py:188} INFO - File contains 1000 rows and 12 columns
[2025-12-28T11:00:03.035+0000] {logging_mixin.py:188} INFO - Columns: ['CustomerID', 'Age', 'Gender', 'Tenure', 'MonthlyCharges', 'ContractType', 'InternetService', 'TotalCharges', 'TechSupport', 'Churn', 'source_file', 'loaded_at']
[2025-12-28T11:00:03.268+0000] {logging_mixin.py:188} INFO - Successfully loaded 1000 rows from customer_churn_data.csv into raw_customer_churn
[2025-12-28T11:00:03.280+0000] {logging_mixin.py:188} INFO - Load complete: {'status': 'success', 'files_processed': 1, 'rows_loaded': 1000}
[2025-12-28T11:00:03.281+0000] {python.py:201} INFO - Done. Returned value was: {'status': 'success', 'files_processed': 1, 'rows_loaded': 1000}
[2025-12-28T11:00:03.297+0000] {taskinstance.py:1138} INFO - Marking task as SUCCESS. dag_id=telecom_churn_pipeline, task_id=load_csv_to_staging, execution_date=20251228T100000, start_date=20251228T110002, end_date=20251228T110003
[2025-12-28T11:00:03.319+0000] {local_task_job_runner.py:234} INFO - Task exited with return code 0
[2025-12-28T11:00:03.333+0000] {taskinstance.py:3280} INFO - 1 downstream tasks scheduled from follow-on schedule check
[2025-12-28T11:06:26.953+0000] {taskinstance.py:1956} INFO - Dependencies all met for dep_context=non-requeueable deps ti=<TaskInstance: telecom_churn_pipeline.load_csv_to_staging scheduled__2025-12-28T10:00:00+00:00 [queued]>
[2025-12-28T11:06:26.957+0000] {taskinstance.py:1956} INFO - Dependencies all met for dep_context=requeueable deps ti=<TaskInstance: telecom_churn_pipeline.load_csv_to_staging scheduled__2025-12-28T10:00:00+00:00 [queued]>
[2025-12-28T11:06:26.957+0000] {taskinstance.py:2170} INFO - Starting attempt 1 of 2
[2025-12-28T11:06:26.966+0000] {taskinstance.py:2191} INFO - Executing <Task(PythonOperator): load_csv_to_staging> on 2025-12-28 10:00:00+00:00
[2025-12-28T11:06:26.969+0000] {standard_task_runner.py:60} INFO - Started process 325 to run task
[2025-12-28T11:06:26.971+0000] {standard_task_runner.py:87} INFO - Running: ['***', 'tasks', 'run', 'telecom_churn_pipeline', 'load_csv_to_staging', 'scheduled__2025-12-28T10:00:00+00:00', '--job-id', '67', '--raw', '--subdir', 'DAGS_FOLDER/telecom_churn_pipeline.py', '--cfg-path', '/tmp/tmp6759rwhx']
[2025-12-28T11:06:26.972+0000] {standard_task_runner.py:88} INFO - Job 67: Subtask load_csv_to_staging
[2025-12-28T11:06:27.005+0000] {task_command.py:423} INFO - Running <TaskInstance: telecom_churn_pipeline.load_csv_to_staging scheduled__2025-12-28T10:00:00+00:00 [running]> on host 8ba4aecbd959
[2025-12-28T11:06:27.052+0000] {taskinstance.py:2480} INFO - Exporting env vars: AIRFLOW_CTX_DAG_OWNER='telecom-team' AIRFLOW_CTX_DAG_ID='telecom_churn_pipeline' AIRFLOW_CTX_TASK_ID='load_csv_to_staging' AIRFLOW_CTX_EXECUTION_DATE='2025-12-28T10:00:00+00:00' AIRFLOW_CTX_TRY_NUMBER='1' AIRFLOW_CTX_DAG_RUN_ID='scheduled__2025-12-28T10:00:00+00:00'
[2025-12-28T11:06:27.062+0000] {logging_mixin.py:188} INFO - Processing file: customer_churn_data.csv
[2025-12-28T11:06:27.069+0000] {logging_mixin.py:188} INFO - File contains 1000 rows and 12 columns
[2025-12-28T11:06:27.070+0000] {logging_mixin.py:188} INFO - Columns: ['CustomerID', 'Age', 'Gender', 'Tenure', 'MonthlyCharges', 'ContractType', 'InternetService', 'TotalCharges', 'TechSupport', 'Churn', 'source_file', 'loaded_at']
[2025-12-28T11:06:27.308+0000] {logging_mixin.py:188} INFO - Successfully loaded 1000 rows from customer_churn_data.csv into raw_customer_churn
[2025-12-28T11:06:27.321+0000] {logging_mixin.py:188} INFO - Load complete: {'status': 'success', 'files_processed': 1, 'rows_loaded': 1000}
[2025-12-28T11:06:27.322+0000] {python.py:201} INFO - Done. Returned value was: {'status': 'success', 'files_processed': 1, 'rows_loaded': 1000}
[2025-12-28T11:06:27.339+0000] {taskinstance.py:1138} INFO - Marking task as SUCCESS. dag_id=telecom_churn_pipeline, task_id=load_csv_to_staging, execution_date=20251228T100000, start_date=20251228T110626, end_date=20251228T110627
[2025-12-28T11:06:27.395+0000] {local_task_job_runner.py:234} INFO - Task exited with return code 0
[2025-12-28T11:06:27.412+0000] {taskinstance.py:3280} INFO - 1 downstream tasks scheduled from follow-on schedule check
